2022-11-12 19:37:10,790 - werkzeug - WARNING -  * Debugger is active!
2022-11-12 19:38:43,327 - werkzeug - WARNING -  * Debugger is active!
2022-11-12 19:39:03,394 - werkzeug - WARNING -  * Debugger is active!
2022-11-12 19:39:14,586 - werkzeug - WARNING -  * Debugger is active!
2022-11-13 13:51:03,661 - werkzeug - WARNING -  * Debugger is active!
2022-11-13 13:53:34,499 - werkzeug - WARNING -  * Debugger is active!
2022-11-13 14:44:40,080 - werkzeug - WARNING -  * Debugger is active!
2022-11-13 14:44:50,623 - werkzeug - WARNING -  * Debugger is active!
2022-11-13 14:46:02,594 - werkzeug - WARNING -  * Debugger is active!
2022-11-13 15:18:09,609 - werkzeug - WARNING -  * Debugger is active!
2022-11-13 15:22:44,392 - werkzeug - WARNING -  * Debugger is active!
2022-11-13 15:24:52,776 - werkzeug - WARNING -  * Debugger is active!
2022-11-13 15:27:15,777 - werkzeug - WARNING -  * Debugger is active!
2022-11-13 15:28:44,371 - werkzeug - WARNING -  * Debugger is active!
2022-11-13 15:29:05,166 - werkzeug - WARNING -  * Debugger is active!
2022-11-13 15:29:44,426 - werkzeug - WARNING -  * Debugger is active!
2022-11-13 15:30:30,919 - werkzeug - WARNING -  * Debugger is active!
2022-11-13 15:31:18,454 - werkzeug - WARNING -  * Debugger is active!
2022-11-13 15:34:28,345 - werkzeug - WARNING -  * Debugger is active!
2022-11-13 15:36:03,869 - werkzeug - WARNING -  * Debugger is active!
2022-11-13 15:36:42,127 - werkzeug - WARNING -  * Debugger is active!
2022-11-13 15:37:44,871 - werkzeug - WARNING -  * Debugger is active!
2022-11-13 15:37:54,393 - werkzeug - WARNING -  * Debugger is active!
2022-11-13 15:38:35,618 - werkzeug - WARNING -  * Debugger is active!
2022-11-13 15:39:01,618 - werkzeug - WARNING -  * Debugger is active!
2022-11-13 15:39:08,106 - werkzeug - WARNING -  * Debugger is active!
2022-11-13 15:39:33,986 - werkzeug - WARNING -  * Debugger is active!
2022-11-13 15:39:49,665 - werkzeug - WARNING -  * Debugger is active!
2022-11-13 15:40:12,477 - werkzeug - WARNING -  * Debugger is active!
2022-11-13 15:41:11,302 - werkzeug - WARNING -  * Debugger is active!
2022-11-13 15:42:07,138 - werkzeug - WARNING -  * Debugger is active!
2022-11-13 15:42:10,524 - werkzeug - WARNING -  * Debugger is active!
2022-11-13 17:55:09,070 - werkzeug - WARNING -  * Debugger is active!
2022-11-13 17:55:13,543 - werkzeug - WARNING -  * Debugger is active!
2022-11-13 18:27:00,652 - werkzeug - WARNING -  * Debugger is active!
2022-11-13 18:27:23,469 - werkzeug - WARNING -  * Debugger is active!
2022-11-13 19:13:20,413 - werkzeug - WARNING -  * Debugger is active!
2022-11-13 19:40:49,603 - werkzeug - WARNING -  * Debugger is active!
2022-11-13 19:41:20,652 - werkzeug - WARNING -  * Debugger is active!
2022-11-13 19:41:58,780 - werkzeug - WARNING -  * Debugger is active!
2022-11-13 20:27:48,901 - werkzeug - WARNING -  * Debugger is active!
2022-11-13 20:44:46,193 - werkzeug - WARNING -  * Debugger is active!
2022-11-13 20:45:35,826 - werkzeug - WARNING -  * Debugger is active!
2022-11-13 20:48:52,054 - werkzeug - WARNING -  * Debugger is active!
2022-11-13 21:32:18,116 - werkzeug - WARNING -  * Debugger is active!
2022-11-13 21:32:33,821 - werkzeug - WARNING -  * Debugger is active!
2022-11-13 21:35:03,737 - werkzeug - WARNING -  * Debugger is active!
2022-11-13 21:35:20,514 - werkzeug - WARNING -  * Debugger is active!
2022-11-13 21:36:22,322 - werkzeug - WARNING -  * Debugger is active!
2022-11-13 21:36:40,120 - werkzeug - WARNING -  * Debugger is active!
2022-11-13 21:36:52,716 - werkzeug - WARNING -  * Debugger is active!
2022-11-13 21:37:53,557 - werkzeug - WARNING -  * Debugger is active!
2022-11-13 21:38:22,587 - werkzeug - WARNING -  * Debugger is active!
2022-11-13 21:39:25,485 - werkzeug - WARNING -  * Debugger is active!
2022-11-13 21:40:04,972 - werkzeug - WARNING -  * Debugger is active!
2022-11-13 21:42:01,128 - werkzeug - WARNING -  * Debugger is active!
2022-11-13 21:44:28,091 - werkzeug - WARNING -  * Debugger is active!
2022-11-13 21:45:58,710 - werkzeug - WARNING -  * Debugger is active!
2022-11-13 21:46:41,069 - werkzeug - WARNING -  * Debugger is active!
2022-11-13 21:48:37,234 - werkzeug - WARNING -  * Debugger is active!
2022-11-13 21:50:23,069 - werkzeug - WARNING -  * Debugger is active!
2022-11-13 21:51:43,214 - werkzeug - WARNING -  * Debugger is active!
2022-11-13 21:52:51,412 - werkzeug - WARNING -  * Debugger is active!
2022-11-13 21:54:29,234 - werkzeug - WARNING -  * Debugger is active!
2022-11-13 21:54:38,717 - werkzeug - WARNING -  * Debugger is active!
2022-11-13 21:54:44,134 - werkzeug - WARNING -  * Debugger is active!
2022-11-13 21:55:27,562 - werkzeug - WARNING -  * Debugger is active!
2022-11-13 22:18:06,665 - werkzeug - WARNING -  * Debugger is active!
2022-11-13 22:20:22,363 - werkzeug - WARNING -  * Debugger is active!
2022-11-13 22:20:47,255 - werkzeug - WARNING -  * Debugger is active!
2022-11-13 22:28:21,030 - werkzeug - WARNING -  * Debugger is active!
2022-11-13 22:29:00,231 - werkzeug - WARNING -  * Debugger is active!
2022-11-13 22:29:24,054 - werkzeug - WARNING -  * Debugger is active!
2022-11-13 22:32:23,582 - werkzeug - WARNING -  * Debugger is active!
2022-11-13 22:32:31,043 - werkzeug - WARNING -  * Debugger is active!
2022-11-13 22:34:29,234 - werkzeug - WARNING -  * Debugger is active!
2022-11-13 22:34:58,241 - werkzeug - WARNING -  * Debugger is active!
2022-11-13 22:35:25,127 - werkzeug - WARNING -  * Debugger is active!
2022-11-13 22:35:54,122 - werkzeug - WARNING -  * Debugger is active!
2022-11-13 22:36:29,352 - werkzeug - WARNING -  * Debugger is active!
2022-11-13 22:40:29,604 - werkzeug - WARNING -  * Debugger is active!
2022-11-13 22:41:15,088 - werkzeug - WARNING -  * Debugger is active!
2022-11-13 22:42:00,405 - werkzeug - WARNING -  * Debugger is active!
2022-11-13 22:42:30,540 - werkzeug - WARNING -  * Debugger is active!
2022-11-13 22:44:20,545 - werkzeug - WARNING -  * Debugger is active!
2022-11-13 22:44:43,324 - werkzeug - WARNING -  * Debugger is active!
2022-11-13 22:45:31,899 - werkzeug - WARNING -  * Debugger is active!
2022-11-13 22:45:55,751 - werkzeug - WARNING -  * Debugger is active!
2022-11-13 22:46:28,832 - werkzeug - WARNING -  * Debugger is active!
2022-11-13 22:46:49,637 - werkzeug - WARNING -  * Debugger is active!
2022-11-13 22:47:03,237 - werkzeug - WARNING -  * Debugger is active!
2022-11-13 22:52:15,954 - werkzeug - WARNING -  * Debugger is active!
2022-11-13 22:53:05,544 - werkzeug - WARNING -  * Debugger is active!
2022-11-13 22:53:12,000 - werkzeug - WARNING -  * Debugger is active!
2022-11-13 22:53:24,620 - werkzeug - WARNING -  * Debugger is active!
2022-11-13 22:53:28,999 - werkzeug - WARNING -  * Debugger is active!
2022-11-13 22:53:39,539 - werkzeug - WARNING -  * Debugger is active!
2022-11-14 09:53:58,945 - werkzeug - WARNING -  * Debugger is active!
2022-11-14 09:55:57,028 - werkzeug - WARNING -  * Debugger is active!
2022-11-14 09:56:02,430 - werkzeug - WARNING -  * Debugger is active!
2022-11-14 09:56:11,942 - werkzeug - WARNING -  * Debugger is active!
2022-11-14 16:26:36,122 - werkzeug - WARNING -  * Debugger is active!
2022-11-14 16:27:23,403 - werkzeug - WARNING -  * Debugger is active!
2022-11-14 16:30:28,193 - werkzeug - WARNING -  * Debugger is active!
2022-11-14 16:31:23,898 - werkzeug - WARNING -  * Debugger is active!
2022-11-14 16:33:46,106 - werkzeug - WARNING -  * Debugger is active!
2022-11-14 16:35:31,924 - werkzeug - WARNING -  * Debugger is active!
2022-11-14 16:36:16,261 - werkzeug - WARNING -  * Debugger is active!
2022-11-14 16:36:48,359 - werkzeug - WARNING -  * Debugger is active!
2022-11-14 16:37:09,200 - werkzeug - WARNING -  * Debugger is active!
2022-11-14 16:38:16,118 - werkzeug - WARNING -  * Debugger is active!
2022-11-14 16:38:40,003 - werkzeug - WARNING -  * Debugger is active!
2022-11-14 16:39:15,262 - werkzeug - WARNING -  * Debugger is active!
2022-11-14 17:03:08,079 - werkzeug - WARNING -  * Debugger is active!
2022-11-14 22:00:17,030 - werkzeug - WARNING -  * Debugger is active!
2022-11-14 22:00:23,472 - werkzeug - WARNING -  * Debugger is active!
2022-11-14 22:03:17,170 - werkzeug - WARNING -  * Debugger is active!
2022-11-14 22:11:13,328 - werkzeug - WARNING -  * Debugger is active!
2022-11-14 22:11:47,407 - werkzeug - WARNING -  * Debugger is active!
2022-11-14 22:13:54,774 - werkzeug - WARNING -  * Debugger is active!
2022-11-14 22:17:20,054 - werkzeug - WARNING -  * Debugger is active!
2022-11-14 22:17:36,745 - werkzeug - WARNING -  * Debugger is active!
2022-11-14 22:17:55,415 - werkzeug - WARNING -  * Debugger is active!
2022-11-14 22:19:42,564 - werkzeug - WARNING -  * Debugger is active!
2022-11-14 22:20:50,897 - werkzeug - WARNING -  * Debugger is active!
2022-11-14 22:22:08,275 - werkzeug - WARNING -  * Debugger is active!
2022-11-14 22:22:27,029 - werkzeug - WARNING -  * Debugger is active!
2022-11-14 22:24:06,654 - werkzeug - WARNING -  * Debugger is active!
2022-11-14 22:24:30,453 - werkzeug - WARNING -  * Debugger is active!
2022-11-14 22:26:50,272 - werkzeug - WARNING -  * Debugger is active!
2022-11-14 22:27:08,888 - werkzeug - WARNING -  * Debugger is active!
2022-11-14 22:28:26,303 - werkzeug - WARNING -  * Debugger is active!
2022-11-14 22:29:22,071 - werkzeug - WARNING -  * Debugger is active!
2022-11-14 22:31:48,817 - werkzeug - WARNING -  * Debugger is active!
2022-11-14 22:32:27,009 - werkzeug - WARNING -  * Debugger is active!
2022-11-14 22:37:26,180 - werkzeug - WARNING -  * Debugger is active!
2022-11-14 22:37:33,700 - __init__ - WARNING - User root3 with role id 1 was added by root
2022-11-14 22:39:00,790 - werkzeug - WARNING -  * Debugger is active!
2022-11-14 22:39:05,207 - __init__ - WARNING - new sale added by root
2022-11-17 22:02:16,939 - werkzeug - WARNING -  * Debugger is active!
2022-11-17 22:25:54,528 - werkzeug - WARNING -  * Debugger is active!
2022-11-17 22:26:38,922 - werkzeug - WARNING -  * Debugger is active!
2022-11-17 22:29:33,268 - werkzeug - WARNING -  * Debugger is active!
2022-11-17 22:36:33,449 - werkzeug - WARNING -  * Debugger is active!
2022-11-17 22:37:20,775 - __init__ - WARNING - new sale added by root
2022-11-17 22:39:02,451 - werkzeug - WARNING -  * Debugger is active!
2022-11-17 22:39:14,025 - werkzeug - WARNING -  * Debugger is active!
2022-11-17 22:42:52,063 - werkzeug - WARNING -  * Debugger is active!
2022-11-17 22:42:56,473 - werkzeug - WARNING -  * Debugger is active!
2022-11-17 22:46:23,901 - werkzeug - WARNING -  * Debugger is active!
2022-11-17 22:46:29,306 - werkzeug - WARNING -  * Debugger is active!
2022-11-17 22:52:04,069 - __init__ - WARNING - New sale added by root
2022-11-17 22:54:58,355 - werkzeug - WARNING -  * Debugger is active!
2022-11-20 22:06:52,193 - werkzeug - WARNING -  * Debugger is active!
2022-11-20 23:11:34,622 - werkzeug - WARNING -  * Debugger is active!
2022-11-20 23:11:41,795 - __init__ - WARNING - New sale added by root
2022-11-20 23:14:00,602 - werkzeug - WARNING -  * Debugger is active!
2022-11-20 23:14:06,139 - werkzeug - WARNING -  * Debugger is active!
2022-11-23 16:47:03,947 - werkzeug - WARNING -  * Debugger is active!
2022-11-23 16:48:25,580 - werkzeug - WARNING -  * Debugger is active!
2022-11-23 16:52:52,008 - werkzeug - WARNING -  * Debugger is active!
2022-11-23 16:54:51,502 - werkzeug - WARNING -  * Debugger is active!
2022-11-23 16:57:20,370 - werkzeug - WARNING -  * Debugger is active!
2022-11-23 16:57:43,201 - werkzeug - WARNING -  * Debugger is active!
2022-11-23 16:58:45,995 - werkzeug - WARNING -  * Debugger is active!
2022-11-23 16:58:59,114 - werkzeug - WARNING -  * Debugger is active!
2022-11-23 17:01:19,855 - werkzeug - WARNING -  * Debugger is active!
2022-11-23 17:04:14,590 - werkzeug - WARNING -  * Debugger is active!
2022-11-23 17:05:14,634 - werkzeug - WARNING -  * Debugger is active!
2022-11-23 17:05:21,317 - __init__ - WARNING - User root2 with role id 1 was added by root
2022-11-23 22:15:00,217 - werkzeug - WARNING -  * Debugger is active!
2022-11-23 22:17:14,726 - werkzeug - WARNING -  * Debugger is active!
2022-11-23 22:17:45,506 - werkzeug - WARNING -  * Debugger is active!
2022-11-24 21:44:58,221 - werkzeug - WARNING -  * Debugger is active!
2022-11-24 22:20:14,362 - werkzeug - WARNING -  * Debugger is active!
2022-11-24 22:22:25,868 - werkzeug - WARNING -  * Debugger is active!
2022-11-24 22:23:55,199 - werkzeug - WARNING -  * Debugger is active!
2022-11-24 22:24:12,972 - werkzeug - WARNING -  * Debugger is active!
2022-11-24 22:25:52,537 - werkzeug - WARNING -  * Debugger is active!
2022-11-24 22:31:36,363 - werkzeug - WARNING -  * Debugger is active!
2022-11-24 22:32:14,579 - werkzeug - WARNING -  * Debugger is active!
2022-11-24 22:32:30,238 - werkzeug - WARNING -  * Debugger is active!
2022-11-24 22:33:51,422 - werkzeug - WARNING -  * Debugger is active!
2022-11-24 22:34:23,396 - werkzeug - WARNING -  * Debugger is active!
2022-11-24 22:34:51,342 - werkzeug - WARNING -  * Debugger is active!
2022-11-24 22:34:55,759 - werkzeug - WARNING -  * Debugger is active!
2022-11-24 22:35:14,484 - werkzeug - WARNING -  * Debugger is active!
2022-11-24 22:35:30,199 - werkzeug - WARNING -  * Debugger is active!
2022-11-24 22:36:02,324 - werkzeug - WARNING -  * Debugger is active!
2022-11-24 22:36:46,726 - werkzeug - WARNING -  * Debugger is active!
2022-11-24 22:37:19,784 - werkzeug - WARNING -  * Debugger is active!
2022-11-24 22:38:17,987 - werkzeug - WARNING -  * Debugger is active!
2022-11-24 22:39:33,148 - werkzeug - WARNING -  * Debugger is active!
2022-11-24 22:40:56,206 - werkzeug - WARNING -  * Debugger is active!
2022-11-24 22:42:20,213 - werkzeug - WARNING -  * Debugger is active!
2022-11-24 22:43:06,355 - werkzeug - WARNING -  * Debugger is active!
2022-11-24 22:44:21,518 - werkzeug - WARNING -  * Debugger is active!
2022-11-24 22:44:36,177 - werkzeug - WARNING -  * Debugger is active!
2022-11-24 22:45:53,367 - werkzeug - WARNING -  * Debugger is active!
2022-11-24 22:46:14,206 - werkzeug - WARNING -  * Debugger is active!
2022-11-24 22:50:10,159 - werkzeug - WARNING -  * Debugger is active!
2022-11-25 19:08:15,062 - werkzeug - WARNING -  * Debugger is active!
2022-11-25 19:09:54,568 - werkzeug - WARNING -  * Debugger is active!
2022-11-25 19:10:53,369 - werkzeug - WARNING -  * Debugger is active!
2022-11-25 19:15:33,307 - werkzeug - WARNING -  * Debugger is active!
2022-11-25 19:18:05,999 - werkzeug - WARNING -  * Debugger is active!
2022-11-25 19:18:10,405 - werkzeug - WARNING -  * Debugger is active!
2022-11-25 19:18:21,967 - werkzeug - WARNING -  * Debugger is active!
2022-11-25 19:18:36,553 - werkzeug - WARNING -  * Debugger is active!
2022-11-25 19:18:56,309 - werkzeug - WARNING -  * Debugger is active!
2022-11-25 19:19:20,152 - werkzeug - WARNING -  * Debugger is active!
2022-11-25 19:19:25,565 - werkzeug - WARNING -  * Debugger is active!
2022-11-25 19:24:04,452 - werkzeug - WARNING -  * Debugger is active!
2022-11-25 19:24:21,135 - werkzeug - WARNING -  * Debugger is active!
2022-11-25 19:24:41,926 - werkzeug - WARNING -  * Debugger is active!
2022-11-25 19:25:31,312 - werkzeug - WARNING -  * Debugger is active!
2022-11-25 19:25:54,136 - werkzeug - WARNING -  * Debugger is active!
2022-11-25 19:27:44,011 - werkzeug - WARNING -  * Debugger is active!
2022-11-25 19:28:44,646 - werkzeug - WARNING -  * Debugger is active!
2022-11-25 19:29:45,411 - werkzeug - WARNING -  * Debugger is active!
2022-11-25 19:32:01,939 - werkzeug - WARNING -  * Debugger is active!
2022-11-25 19:32:18,585 - werkzeug - WARNING -  * Debugger is active!
2022-11-25 19:32:27,058 - werkzeug - WARNING -  * Debugger is active!
2022-11-25 19:33:07,368 - werkzeug - WARNING -  * Debugger is active!
2022-11-25 19:39:03,485 - werkzeug - WARNING -  * Debugger is active!
2022-11-25 19:40:30,287 - werkzeug - WARNING -  * Debugger is active!
2022-11-25 19:41:18,571 - werkzeug - WARNING -  * Debugger is active!
2022-11-25 19:42:00,610 - werkzeug - WARNING -  * Debugger is active!
2022-11-25 19:42:07,523 - werkzeug - WARNING -  * Debugger is active!
2022-11-25 19:42:47,431 - werkzeug - WARNING -  * Debugger is active!
2022-11-25 19:43:12,252 - werkzeug - WARNING -  * Debugger is active!
2022-11-25 19:44:19,592 - werkzeug - WARNING -  * Debugger is active!
2022-11-25 19:44:33,192 - werkzeug - WARNING -  * Debugger is active!
2022-11-25 19:45:27,822 - werkzeug - WARNING -  * Debugger is active!
2022-11-25 19:46:22,540 - werkzeug - WARNING -  * Debugger is active!
2022-11-25 19:46:47,431 - werkzeug - WARNING -  * Debugger is active!
2022-11-25 19:48:58,916 - werkzeug - WARNING -  * Debugger is active!
2022-11-25 19:50:50,850 - werkzeug - WARNING -  * Debugger is active!
2022-11-26 17:18:17,618 - werkzeug - WARNING -  * Debugger is active!
2022-11-27 10:38:08,105 - werkzeug - WARNING -  * Debugger is active!
2022-11-27 10:44:39,630 - __init__ - WARNING - User root2 with role id 1 was added by root
2022-11-28 13:35:41,503 - werkzeug - WARNING -  * Debugger is active!
2022-11-28 17:24:02,331 - werkzeug - WARNING -  * Debugger is active!
2022-11-28 17:24:07,736 - werkzeug - WARNING -  * Debugger is active!
2022-11-28 20:41:35,964 - werkzeug - WARNING -  * Debugger is active!
2022-11-28 20:43:17,273 - werkzeug - WARNING -  * Debugger is active!
2022-11-29 14:02:52,256 - werkzeug - WARNING -  * Debugger is active!
2022-11-29 14:07:09,158 - werkzeug - WARNING -  * Debugger is active!
2022-11-29 14:07:57,680 - werkzeug - WARNING -  * Debugger is active!
2022-11-29 15:02:41,265 - werkzeug - WARNING -  * Debugger is active!
2022-11-29 15:02:49,759 - werkzeug - WARNING -  * Debugger is active!
2022-11-29 15:03:01,346 - werkzeug - WARNING -  * Debugger is active!
2022-11-29 15:04:21,546 - werkzeug - WARNING -  * Debugger is active!
2022-11-29 15:06:10,363 - werkzeug - WARNING -  * Debugger is active!
2022-11-29 16:48:07,892 - werkzeug - WARNING -  * Debugger is active!
2022-11-29 16:49:25,032 - werkzeug - WARNING -  * Debugger is active!
2022-11-29 16:49:31,537 - werkzeug - WARNING -  * Debugger is active!
2022-11-29 16:50:47,621 - werkzeug - WARNING -  * Debugger is active!
2022-11-29 16:55:27,509 - werkzeug - WARNING -  * Debugger is active!
2022-11-29 16:56:27,171 - werkzeug - WARNING -  * Debugger is active!
2022-11-29 16:57:07,516 - werkzeug - WARNING -  * Debugger is active!
2022-11-29 16:57:22,814 - __init__ - WARNING - New contract added by root
2022-11-29 17:05:45,313 - werkzeug - WARNING -  * Debugger is active!
2022-11-29 17:06:01,981 - werkzeug - WARNING -  * Debugger is active!
2022-11-29 17:07:35,521 - werkzeug - WARNING -  * Debugger is active!
2022-11-29 17:08:40,409 - werkzeug - WARNING -  * Debugger is active!
2022-11-29 17:11:05,110 - werkzeug - WARNING -  * Debugger is active!
2022-11-29 17:12:06,958 - werkzeug - WARNING -  * Debugger is active!
2022-11-29 17:13:46,637 - werkzeug - WARNING -  * Debugger is active!
2022-11-29 17:14:20,703 - werkzeug - WARNING -  * Debugger is active!
2022-11-29 17:15:35,423 - werkzeug - WARNING -  * Debugger is active!
2022-11-29 17:16:17,714 - werkzeug - WARNING -  * Debugger is active!
2022-11-29 17:17:01,983 - werkzeug - WARNING -  * Debugger is active!
2022-11-29 17:17:56,541 - werkzeug - WARNING -  * Debugger is active!
2022-11-29 17:19:02,277 - werkzeug - WARNING -  * Debugger is active!
2022-11-29 17:19:26,123 - werkzeug - WARNING -  * Debugger is active!
2022-11-29 17:21:09,745 - werkzeug - WARNING -  * Debugger is active!
2022-11-29 17:22:34,054 - werkzeug - WARNING -  * Debugger is active!
2022-11-29 17:22:57,831 - werkzeug - WARNING -  * Debugger is active!
2022-11-29 17:23:18,645 - werkzeug - WARNING -  * Debugger is active!
2022-11-29 17:24:47,109 - werkzeug - WARNING -  * Debugger is active!
2022-11-29 17:26:25,862 - werkzeug - WARNING -  * Debugger is active!
2022-11-29 17:27:24,493 - werkzeug - WARNING -  * Debugger is active!
2022-11-29 17:30:08,718 - werkzeug - WARNING -  * Debugger is active!
2022-11-29 17:31:17,660 - werkzeug - WARNING -  * Debugger is active!
2022-11-29 17:36:59,562 - werkzeug - WARNING -  * Debugger is active!
2022-11-29 17:37:11,143 - werkzeug - WARNING -  * Debugger is active!
2022-11-29 17:38:39,475 - werkzeug - WARNING -  * Debugger is active!
2022-11-29 17:39:35,024 - werkzeug - WARNING -  * Debugger is active!
2022-11-29 17:54:45,946 - werkzeug - WARNING -  * Debugger is active!
2022-11-29 17:56:09,234 - werkzeug - WARNING -  * Debugger is active!
2022-11-29 17:56:45,403 - werkzeug - WARNING -  * Debugger is active!
2022-11-29 18:01:20,448 - werkzeug - WARNING -  * Debugger is active!
2022-11-29 18:12:23,994 - werkzeug - WARNING -  * Debugger is active!
2022-11-29 18:14:16,841 - werkzeug - WARNING -  * Debugger is active!
2022-11-29 18:15:24,808 - werkzeug - WARNING -  * Debugger is active!
2022-11-29 18:16:24,808 - werkzeug - WARNING -  * Debugger is active!
2022-11-29 18:16:55,890 - werkzeug - WARNING -  * Debugger is active!
2022-11-29 18:17:34,152 - werkzeug - WARNING -  * Debugger is active!
2022-11-29 18:17:51,825 - werkzeug - WARNING -  * Debugger is active!
2022-11-29 18:18:38,325 - werkzeug - WARNING -  * Debugger is active!
2022-11-29 18:18:45,807 - werkzeug - WARNING -  * Debugger is active!
2022-11-29 18:19:17,878 - werkzeug - WARNING -  * Debugger is active!
2022-11-29 18:19:32,530 - werkzeug - WARNING -  * Debugger is active!
2022-11-29 18:19:59,478 - werkzeug - WARNING -  * Debugger is active!
2022-11-29 18:59:00,367 - werkzeug - WARNING -  * Debugger is active!
2022-11-29 19:00:17,529 - werkzeug - WARNING -  * Debugger is active!
2022-11-29 19:00:31,169 - werkzeug - WARNING -  * Debugger is active!
2022-11-29 19:01:50,551 - werkzeug - WARNING -  * Debugger is active!
2022-11-29 19:09:06,975 - werkzeug - WARNING -  * Debugger is active!
2022-11-29 19:10:21,959 - werkzeug - WARNING -  * Debugger is active!
2022-11-29 19:10:54,971 - werkzeug - WARNING -  * Debugger is active!
2022-11-29 19:11:13,732 - werkzeug - WARNING -  * Debugger is active!
2022-11-29 19:11:19,171 - werkzeug - WARNING -  * Debugger is active!
2022-11-29 19:22:55,032 - werkzeug - WARNING -  * Debugger is active!
2022-11-29 19:23:23,078 - werkzeug - WARNING -  * Debugger is active!
2022-11-29 19:24:00,160 - werkzeug - WARNING -  * Debugger is active!
2022-11-29 19:24:12,724 - werkzeug - WARNING -  * Debugger is active!
2022-11-29 19:35:08,973 - werkzeug - WARNING -  * Debugger is active!
2022-11-29 19:35:38,956 - werkzeug - WARNING -  * Debugger is active!
2022-11-29 19:37:21,624 - werkzeug - WARNING -  * Debugger is active!
2022-11-29 19:37:33,245 - werkzeug - WARNING -  * Debugger is active!
2022-11-29 19:39:42,857 - werkzeug - WARNING -  * Debugger is active!
2022-11-29 19:40:38,573 - werkzeug - WARNING -  * Debugger is active!
2022-11-29 19:46:41,443 - werkzeug - WARNING -  * Debugger is active!
2022-11-29 19:48:12,946 - werkzeug - WARNING -  * Debugger is active!
2022-11-29 19:49:15,724 - werkzeug - WARNING -  * Debugger is active!
2022-11-29 19:50:04,168 - werkzeug - WARNING -  * Debugger is active!
2022-11-29 19:50:30,229 - werkzeug - WARNING -  * Debugger is active!
2022-11-29 19:51:34,296 - __init__ - WARNING - New contract added by root
2022-11-29 19:53:44,079 - werkzeug - WARNING -  * Debugger is active!
2022-11-29 19:54:05,880 - werkzeug - WARNING -  * Debugger is active!
2022-11-29 19:57:49,600 - werkzeug - WARNING -  * Debugger is active!
2022-11-29 19:58:12,424 - werkzeug - WARNING -  * Debugger is active!
2022-11-29 19:59:21,224 - werkzeug - WARNING -  * Debugger is active!
2022-11-29 20:02:48,334 - werkzeug - WARNING -  * Debugger is active!
2022-11-29 20:02:51,671 - werkzeug - WARNING -  * Debugger is active!
2022-11-29 20:03:04,317 - werkzeug - WARNING -  * Debugger is active!
2022-11-30 10:02:26,149 - werkzeug - WARNING -  * Debugger is active!
2022-11-30 10:07:19,928 - __init__ - WARNING - New contract added by root
2022-11-30 10:08:56,684 - werkzeug - WARNING -  * Debugger is active!
2022-11-30 10:09:05,149 - werkzeug - WARNING -  * Debugger is active!
2022-11-30 15:13:30,664 - __init__ - WARNING - New contract added by root
2022-11-30 15:13:42,303 - __init__ - WARNING - New contract added by root
2022-11-30 15:23:00,203 - werkzeug - WARNING -  * Debugger is active!
2022-11-30 15:25:52,479 - werkzeug - WARNING -  * Debugger is active!
2022-11-30 15:43:31,730 - werkzeug - WARNING -  * Debugger is active!
2022-11-30 15:43:51,430 - werkzeug - WARNING -  * Debugger is active!
2022-11-30 16:08:57,948 - __init__ - WARNING - New contract added by root
2022-11-30 16:09:20,692 - __init__ - WARNING - New contract added by root
2022-11-30 16:12:14,792 - werkzeug - WARNING -  * Debugger is active!
2022-11-30 16:12:52,977 - werkzeug - WARNING -  * Debugger is active!
2022-11-30 16:15:16,853 - werkzeug - WARNING -  * Debugger is active!
2022-11-30 16:23:42,400 - werkzeug - WARNING -  * Debugger is active!
2022-11-30 16:33:17,923 - __init__ - WARNING - New contract added by root
2022-11-30 16:34:34,396 - __init__ - WARNING - New contract added by root
2022-11-30 16:36:12,744 - werkzeug - WARNING -  * Debugger is active!
2022-11-30 16:49:46,879 - werkzeug - WARNING -  * Debugger is active!
2022-11-30 16:50:21,063 - werkzeug - WARNING -  * Debugger is active!
2022-11-30 16:52:49,666 - werkzeug - WARNING -  * Debugger is active!
2022-11-30 16:53:45,285 - werkzeug - WARNING -  * Debugger is active!
2022-11-30 16:54:22,468 - werkzeug - WARNING -  * Debugger is active!
2022-11-30 16:54:47,339 - werkzeug - WARNING -  * Debugger is active!
2022-11-30 16:57:48,837 - werkzeug - WARNING -  * Debugger is active!
2022-11-30 16:58:01,508 - werkzeug - WARNING -  * Debugger is active!
2022-11-30 16:59:43,218 - werkzeug - WARNING -  * Debugger is active!
2022-11-30 17:00:27,550 - werkzeug - WARNING -  * Debugger is active!
2022-11-30 17:04:47,075 - werkzeug - WARNING -  * Debugger is active!
2022-11-30 17:05:01,708 - werkzeug - WARNING -  * Debugger is active!
2022-11-30 17:05:13,300 - werkzeug - WARNING -  * Debugger is active!
2022-11-30 17:05:20,769 - werkzeug - WARNING -  * Debugger is active!
2022-11-30 17:05:41,540 - werkzeug - WARNING -  * Debugger is active!
2022-11-30 17:06:03,304 - werkzeug - WARNING -  * Debugger is active!
2022-11-30 17:08:32,126 - __init__ - WARNING - New contract added by root
2022-11-30 17:08:54,037 - werkzeug - WARNING -  * Debugger is active!
2022-11-30 17:12:31,609 - werkzeug - WARNING -  * Debugger is active!
2022-11-30 17:54:07,456 - werkzeug - WARNING -  * Debugger is active!
2022-11-30 17:55:10,204 - werkzeug - WARNING -  * Debugger is active!
2022-11-30 17:55:13,809 - __init__ - WARNING - New contract added by root
2022-11-30 17:59:20,364 - werkzeug - WARNING -  * Debugger is active!
2022-11-30 18:00:33,001 - __init__ - WARNING - New contract added by root
2022-11-30 18:00:46,866 - werkzeug - WARNING -  * Debugger is active!
2022-11-30 18:00:54,367 - werkzeug - WARNING -  * Debugger is active!
2022-11-30 18:01:27,419 - werkzeug - WARNING -  * Debugger is active!
2022-11-30 18:01:45,119 - werkzeug - WARNING -  * Debugger is active!
2022-11-30 18:01:50,506 - werkzeug - WARNING -  * Debugger is active!
2022-11-30 18:02:04,790 - __init__ - WARNING - New contract added by root
2022-11-30 18:05:12,607 - werkzeug - WARNING -  * Debugger is active!
2022-11-30 18:05:50,953 - __init__ - WARNING - User root2 with role id 1 was added by root
2022-11-30 18:06:24,700 - werkzeug - WARNING -  * Debugger is active!
2022-11-30 18:06:50,427 - __init__ - WARNING - New contract added by root2
2022-11-30 18:07:52,018 - __init__ - WARNING - New contract added by root2
2022-11-30 18:09:29,545 - werkzeug - WARNING -  * Debugger is active!
2022-11-30 18:18:42,578 - werkzeug - WARNING -  * Debugger is active!
2022-11-30 18:19:36,135 - werkzeug - WARNING -  * Debugger is active!
2022-11-30 18:19:52,782 - werkzeug - WARNING -  * Debugger is active!
2022-11-30 18:20:28,966 - werkzeug - WARNING -  * Debugger is active!
2022-11-30 18:21:27,618 - werkzeug - WARNING -  * Debugger is active!
2022-11-30 18:22:21,106 - werkzeug - WARNING -  * Debugger is active!
2022-11-30 18:23:37,398 - werkzeug - WARNING -  * Debugger is active!
2022-11-30 18:23:58,186 - werkzeug - WARNING -  * Debugger is active!
2022-11-30 18:24:14,867 - werkzeug - WARNING -  * Debugger is active!
2022-11-30 18:24:58,295 - __init__ - WARNING - New contract added by root
2022-11-30 18:25:45,277 - werkzeug - WARNING -  * Debugger is active!
2022-11-30 18:25:51,700 - werkzeug - WARNING -  * Debugger is active!
2022-11-30 18:26:19,698 - werkzeug - WARNING -  * Debugger is active!
2022-11-30 18:26:22,056 - werkzeug - WARNING -  * Debugger is active!
2022-12-02 14:52:28,698 - werkzeug - WARNING -  * Debugger is active!
2022-12-02 14:53:00,878 - __init__ - WARNING - User root3 with role id 1 was added by root
2022-12-02 14:53:53,658 - __init__ - WARNING - New contract added by root
